<?xml version="1.0" encoding="UTF-8"?>
<!-- Generated by org.testng.reporters.JUnitReportReporter -->
<testsuite skipped="0" hostname="CL-NB-809" name="com.ListaDinamica.buscaLista" tests="1" failures="0" timestamp="15 feb 2020 12:47:42 GMT" time="0.687" errors="0">
  <testcase name="f" time="0.687" classname="com.ListaDinamica.buscaLista"/>
</testsuite> <!-- com.ListaDinamica.buscaLista -->
